2023-07-09 10:27:47 : INFO : <module> : 30 - Setup complete (v1.0)
2023-07-09 10:27:47 : INFO : <module> : 39 - No GPU devices found
2023-07-09 10:27:47 : INFO : <module> : 50 - Input request: {'video_link': 'rtsp://admin:iterate411@192.168.1.247', 'building': 'residence', 'video_type': 'rtsp', 'friendly_name': 'Residence', 'file_original_name': None}
2023-07-09 10:27:47 : INFO : <module> : 58 - Detection for video stream starts...
2023-07-09 10:27:47 : INFO : <module> : 62 - GPU Utilization before: 
2023-07-09 10:27:48 : INFO : <module> : 23 - imported packages within inference_images_weapon
2023-07-09 10:27:48 : INFO : <module> : 41 - loading weapon model: tf
2023-07-09 10:28:05 : INFO : <module> : 50 - loaded weapon model
2023-07-09 10:28:05 : INFO : detect : 50 - Video source: rtsp://admin:iterate411@192.168.1.247
2023-07-09 10:28:05 : INFO : detect : 71 - msg_local_py[payload]: {'video_link': 'rtsp://admin:iterate411@192.168.1.247', 'building': 'residence', 'video_type': 'rtsp', 'friendly_name': 'Residence', 'file_original_name': None}
2023-07-09 10:28:05 : INFO : detect : 134 - Begin video capture now: rtsp://admin:iterate411@192.168.1.247
2023-07-09 10:28:05 : INFO : detect : 145 - Within reading path
2023-07-09 10:28:09 : WARNING : detect : 187 - Residence folder removed
2023-07-09 10:28:09 : WARNING : detect : 191 - Residence folder created
2023-07-09 10:28:12 : INFO : detect : 272 - Frame #: 100
2023-07-09 10:28:12 : INFO : inference_images_weapon : 57 - started weapon inference
2023-07-09 10:28:15 : INFO : inference_images_weapon : 87 - fps after inference: 0.4752413680656642
2023-07-09 10:28:15 : INFO : inference_images_weapon : 145 - Ended weapon inference
2023-07-09 10:28:15 : INFO : detect : 278 - FPS01: 0.47
2023-07-09 10:28:15 : INFO : detect : 338 - After fetching img
2023-07-09 10:28:17 : INFO : detect : 272 - Frame #: 200
2023-07-09 10:28:17 : INFO : inference_images_weapon : 57 - started weapon inference
2023-07-09 10:28:19 : INFO : inference_images_weapon : 87 - fps after inference: 0.9632797458816116
2023-07-09 10:28:19 : INFO : inference_images_weapon : 145 - Ended weapon inference
2023-07-09 10:28:19 : INFO : detect : 278 - FPS01: 0.96
2023-07-09 10:28:19 : INFO : detect : 338 - After fetching img
2023-07-09 10:28:22 : INFO : detect : 272 - Frame #: 300
2023-07-09 10:28:22 : INFO : inference_images_weapon : 57 - started weapon inference
2023-07-09 10:28:24 : INFO : inference_images_weapon : 87 - fps after inference: 0.9720647810811062
2023-07-09 10:28:24 : INFO : inference_images_weapon : 145 - Ended weapon inference
2023-07-09 10:28:24 : INFO : detect : 278 - FPS01: 0.97
2023-07-09 10:28:24 : INFO : detect : 338 - After fetching img
2023-07-09 10:28:27 : INFO : detect : 272 - Frame #: 400
2023-07-09 10:28:27 : INFO : inference_images_weapon : 57 - started weapon inference
2023-07-09 10:28:29 : INFO : inference_images_weapon : 87 - fps after inference: 0.9789574415445587
2023-07-09 10:28:29 : INFO : inference_images_weapon : 145 - Ended weapon inference
2023-07-09 10:28:29 : INFO : detect : 278 - FPS01: 0.97
2023-07-09 10:28:29 : INFO : detect : 326 - After sending the input
2023-07-09 10:28:29 : INFO : do_restful : 20 - RESTful: {'enable': True, 'url': 'http://localhost:5001/consumeevent'}
2023-07-09 10:28:29 : INFO : do_restful : 25 - post to local wep RESTful service {"status": "Weapon Detected |Gun : 0.5313651", "video_name": "Residence", "datetime": "09-07-2023 10:28:29", "Threat_status": "Threat detected | Weapon:['Gun : 0.5313651']", "image_path": "weapon_09-07-2023 10:28:29.jpg", "weapon_images": ["weapon_09-07-2023 10:28:29.jpg"]}
2023-07-09 10:28:29 : INFO : do_restful : 27 - response: <Response [200]>
2023-07-09 10:28:29 : INFO : do_restful : 29 - post to remote RESTful service {"status": "Weapon Detected |Gun : 0.5313651", "video_name": "Residence", "datetime": "09-07-2023 10:28:29", "Threat_status": "Threat detected | Weapon:['Gun : 0.5313651']", "image_path": "weapon_09-07-2023 10:28:29.jpg", "weapon_images": ["weapon_09-07-2023 10:28:29.jpg"]}, url:http://localhost:5001/consumeevent
2023-07-09 10:28:29 : INFO : do_restful : 31 - response: <Response [200]>
2023-07-09 10:28:29 : INFO : detect : 338 - After fetching img
2023-07-09 10:28:29 : WARNING : detect : 376 - Gun : 0.5313651 Detected in Frame: 400
2023-07-09 10:28:32 : INFO : detect : 272 - Frame #: 500
2023-07-09 10:28:32 : INFO : inference_images_weapon : 57 - started weapon inference
2023-07-09 10:28:34 : INFO : inference_images_weapon : 87 - fps after inference: 0.9434024309408171
2023-07-09 10:28:34 : INFO : inference_images_weapon : 145 - Ended weapon inference
2023-07-09 10:28:34 : INFO : detect : 278 - FPS01: 0.94
2023-07-09 10:28:34 : INFO : detect : 338 - After fetching img
2023-07-09 10:28:37 : INFO : detect : 272 - Frame #: 600
2023-07-09 10:28:37 : INFO : inference_images_weapon : 57 - started weapon inference
2023-07-09 10:28:39 : INFO : inference_images_weapon : 87 - fps after inference: 0.9402472890828927
2023-07-09 10:28:39 : INFO : inference_images_weapon : 145 - Ended weapon inference
2023-07-09 10:28:39 : INFO : detect : 278 - FPS01: 0.94
2023-07-09 10:28:39 : INFO : detect : 338 - After fetching img
2023-07-09 10:28:42 : INFO : detect : 272 - Frame #: 700
2023-07-09 10:28:42 : INFO : inference_images_weapon : 57 - started weapon inference
2023-07-09 10:28:44 : INFO : inference_images_weapon : 87 - fps after inference: 0.7086675211511955
2023-07-09 10:28:44 : INFO : inference_images_weapon : 145 - Ended weapon inference
2023-07-09 10:28:44 : INFO : detect : 278 - FPS01: 0.71
2023-07-09 10:28:44 : INFO : detect : 338 - After fetching img
2023-07-09 10:28:48 : INFO : detect : 272 - Frame #: 800
2023-07-09 10:28:48 : INFO : inference_images_weapon : 57 - started weapon inference
2023-07-09 10:28:49 : INFO : inference_images_weapon : 87 - fps after inference: 0.72957879706151
2023-07-09 10:28:49 : INFO : inference_images_weapon : 145 - Ended weapon inference
2023-07-09 10:28:49 : INFO : detect : 278 - FPS01: 0.73
2023-07-09 10:28:49 : INFO : detect : 338 - After fetching img
2023-07-09 10:28:52 : INFO : detect : 272 - Frame #: 900
2023-07-09 10:28:52 : INFO : inference_images_weapon : 57 - started weapon inference
2023-07-09 10:28:54 : INFO : inference_images_weapon : 87 - fps after inference: 0.8439139881784147
2023-07-09 10:28:54 : INFO : inference_images_weapon : 145 - Ended weapon inference
2023-07-09 10:28:54 : INFO : detect : 278 - FPS01: 0.84
2023-07-09 10:28:54 : INFO : detect : 338 - After fetching img
2023-07-09 10:28:57 : INFO : detect : 272 - Frame #: 1000
2023-07-09 10:28:57 : INFO : inference_images_weapon : 57 - started weapon inference
2023-07-09 10:28:59 : INFO : inference_images_weapon : 87 - fps after inference: 0.935809963578792
2023-07-09 10:28:59 : INFO : inference_images_weapon : 145 - Ended weapon inference
2023-07-09 10:28:59 : INFO : detect : 278 - FPS01: 0.93
2023-07-09 10:28:59 : INFO : detect : 338 - After fetching img
2023-07-09 10:29:02 : INFO : detect : 272 - Frame #: 1100
2023-07-09 10:29:02 : INFO : inference_images_weapon : 57 - started weapon inference
2023-07-09 10:29:04 : INFO : inference_images_weapon : 87 - fps after inference: 0.819073139648488
2023-07-09 10:29:04 : INFO : inference_images_weapon : 145 - Ended weapon inference
2023-07-09 10:29:04 : INFO : detect : 278 - FPS01: 0.81
2023-07-09 10:29:04 : INFO : detect : 338 - After fetching img
2023-07-09 10:29:08 : INFO : detect : 272 - Frame #: 1200
2023-07-09 10:29:08 : INFO : inference_images_weapon : 57 - started weapon inference
2023-07-09 10:29:09 : INFO : inference_images_weapon : 87 - fps after inference: 0.7570028973025108
2023-07-09 10:29:09 : INFO : inference_images_weapon : 145 - Ended weapon inference
2023-07-09 10:29:09 : INFO : detect : 278 - FPS01: 0.75
2023-07-09 10:29:09 : INFO : detect : 338 - After fetching img
2023-07-09 10:29:12 : INFO : detect : 272 - Frame #: 1300
2023-07-09 10:29:12 : INFO : inference_images_weapon : 57 - started weapon inference
2023-07-09 10:29:14 : INFO : inference_images_weapon : 87 - fps after inference: 0.8399564391792654
2023-07-09 10:29:14 : INFO : inference_images_weapon : 145 - Ended weapon inference
2023-07-09 10:29:14 : INFO : detect : 278 - FPS01: 0.84
2023-07-09 10:29:14 : INFO : detect : 338 - After fetching img
2023-07-09 10:29:17 : INFO : detect : 272 - Frame #: 1400
2023-07-09 10:29:17 : INFO : inference_images_weapon : 57 - started weapon inference
2023-07-09 10:29:19 : INFO : inference_images_weapon : 87 - fps after inference: 0.8449135919903001
2023-07-09 10:29:19 : INFO : inference_images_weapon : 145 - Ended weapon inference
2023-07-09 10:29:19 : INFO : detect : 278 - FPS01: 0.84
2023-07-09 10:29:19 : INFO : detect : 338 - After fetching img
2023-07-09 10:29:22 : INFO : detect : 272 - Frame #: 1500
2023-07-09 10:29:22 : INFO : inference_images_weapon : 57 - started weapon inference
2023-07-09 10:29:24 : INFO : inference_images_weapon : 87 - fps after inference: 0.7753609122937004
2023-07-09 10:29:24 : INFO : inference_images_weapon : 145 - Ended weapon inference
2023-07-09 10:29:24 : INFO : detect : 278 - FPS01: 0.77
2023-07-09 10:29:24 : INFO : detect : 338 - After fetching img
2023-07-09 10:29:27 : INFO : detect : 272 - Frame #: 1600
2023-07-09 10:29:27 : INFO : inference_images_weapon : 57 - started weapon inference
2023-07-09 10:29:29 : INFO : inference_images_weapon : 87 - fps after inference: 0.9192165003401337
2023-07-09 10:29:29 : INFO : inference_images_weapon : 145 - Ended weapon inference
2023-07-09 10:29:29 : INFO : detect : 278 - FPS01: 0.92
2023-07-09 10:29:29 : INFO : detect : 338 - After fetching img
2023-07-09 10:29:32 : INFO : detect : 272 - Frame #: 1700
2023-07-09 10:29:32 : INFO : inference_images_weapon : 57 - started weapon inference
2023-07-09 10:29:34 : INFO : inference_images_weapon : 87 - fps after inference: 0.9165591707073711
2023-07-09 10:29:34 : INFO : inference_images_weapon : 145 - Ended weapon inference
2023-07-09 10:29:34 : INFO : detect : 278 - FPS01: 0.91
2023-07-09 10:29:34 : INFO : detect : 326 - After sending the input
2023-07-09 10:29:34 : INFO : do_restful : 20 - RESTful: {'enable': True, 'url': 'http://localhost:5001/consumeevent'}
2023-07-09 10:29:34 : INFO : do_restful : 25 - post to local wep RESTful service {"status": "Weapon Detected |Gun : 0.95623034", "video_name": "Residence", "datetime": "09-07-2023 10:29:34", "Threat_status": "Threat detected | Weapon:['Gun : 0.95623034']", "image_path": "weapon_09-07-2023 10:29:34.jpg", "weapon_images": ["weapon_09-07-2023 10:29:34.jpg"]}
2023-07-09 10:29:34 : INFO : do_restful : 27 - response: <Response [200]>
2023-07-09 10:29:34 : INFO : do_restful : 29 - post to remote RESTful service {"status": "Weapon Detected |Gun : 0.95623034", "video_name": "Residence", "datetime": "09-07-2023 10:29:34", "Threat_status": "Threat detected | Weapon:['Gun : 0.95623034']", "image_path": "weapon_09-07-2023 10:29:34.jpg", "weapon_images": ["weapon_09-07-2023 10:29:34.jpg"]}, url:http://localhost:5001/consumeevent
2023-07-09 10:29:34 : INFO : do_restful : 31 - response: <Response [200]>
2023-07-09 10:29:34 : INFO : detect : 338 - After fetching img
2023-07-09 10:29:34 : WARNING : detect : 376 - Gun : 0.95623034 Detected in Frame: 1700
2023-07-09 10:29:37 : INFO : detect : 272 - Frame #: 1800
2023-07-09 10:29:37 : INFO : inference_images_weapon : 57 - started weapon inference
2023-07-09 10:29:39 : INFO : inference_images_weapon : 87 - fps after inference: 0.9181387781977765
2023-07-09 10:29:39 : INFO : inference_images_weapon : 145 - Ended weapon inference
2023-07-09 10:29:39 : INFO : detect : 278 - FPS01: 0.91
2023-07-09 10:29:39 : INFO : detect : 326 - After sending the input
2023-07-09 10:29:39 : INFO : do_restful : 20 - RESTful: {'enable': True, 'url': 'http://localhost:5001/consumeevent'}
2023-07-09 10:29:39 : INFO : do_restful : 25 - post to local wep RESTful service {"status": "Weapon Detected |Gun : 0.7875555", "video_name": "Residence", "datetime": "09-07-2023 10:29:39", "Threat_status": "Threat detected | Weapon:['Gun : 0.7875555']", "image_path": "weapon_09-07-2023 10:29:39.jpg", "weapon_images": ["weapon_09-07-2023 10:29:39.jpg"]}
2023-07-09 10:29:39 : INFO : do_restful : 27 - response: <Response [200]>
2023-07-09 10:29:39 : INFO : do_restful : 29 - post to remote RESTful service {"status": "Weapon Detected |Gun : 0.7875555", "video_name": "Residence", "datetime": "09-07-2023 10:29:39", "Threat_status": "Threat detected | Weapon:['Gun : 0.7875555']", "image_path": "weapon_09-07-2023 10:29:39.jpg", "weapon_images": ["weapon_09-07-2023 10:29:39.jpg"]}, url:http://localhost:5001/consumeevent
2023-07-09 10:29:39 : INFO : do_restful : 31 - response: <Response [200]>
2023-07-09 10:29:39 : INFO : detect : 338 - After fetching img
2023-07-09 10:29:39 : WARNING : detect : 376 - Gun : 0.7875555 Detected in Frame: 1800
2023-07-09 10:29:43 : INFO : detect : 272 - Frame #: 1900
2023-07-09 10:29:43 : INFO : inference_images_weapon : 57 - started weapon inference
2023-07-09 10:29:44 : INFO : inference_images_weapon : 87 - fps after inference: 0.693504365503552
2023-07-09 10:29:44 : INFO : inference_images_weapon : 145 - Ended weapon inference
2023-07-09 10:29:44 : INFO : detect : 278 - FPS01: 0.69
2023-07-09 10:29:44 : INFO : detect : 326 - After sending the input
2023-07-09 10:29:44 : INFO : do_restful : 20 - RESTful: {'enable': True, 'url': 'http://localhost:5001/consumeevent'}
2023-07-09 10:29:44 : INFO : do_restful : 25 - post to local wep RESTful service {"status": "Weapon Detected |Gun : 0.9028848", "video_name": "Residence", "datetime": "09-07-2023 10:29:44", "Threat_status": "Threat detected | Weapon:['Gun : 0.9028848']", "image_path": "weapon_09-07-2023 10:29:44.jpg", "weapon_images": ["weapon_09-07-2023 10:29:44.jpg"]}
2023-07-09 10:29:44 : INFO : do_restful : 27 - response: <Response [200]>
2023-07-09 10:29:44 : INFO : do_restful : 29 - post to remote RESTful service {"status": "Weapon Detected |Gun : 0.9028848", "video_name": "Residence", "datetime": "09-07-2023 10:29:44", "Threat_status": "Threat detected | Weapon:['Gun : 0.9028848']", "image_path": "weapon_09-07-2023 10:29:44.jpg", "weapon_images": ["weapon_09-07-2023 10:29:44.jpg"]}, url:http://localhost:5001/consumeevent
2023-07-09 10:29:44 : INFO : do_restful : 31 - response: <Response [200]>
2023-07-09 10:29:44 : INFO : detect : 338 - After fetching img
2023-07-09 10:29:44 : WARNING : detect : 376 - Gun : 0.9028848 Detected in Frame: 1900
2023-07-09 10:29:48 : INFO : detect : 272 - Frame #: 2000
2023-07-09 10:29:48 : INFO : inference_images_weapon : 57 - started weapon inference
2023-07-09 10:29:49 : INFO : inference_images_weapon : 87 - fps after inference: 0.8410252626158682
2023-07-09 10:29:49 : INFO : inference_images_weapon : 145 - Ended weapon inference
2023-07-09 10:29:49 : INFO : detect : 278 - FPS01: 0.84
2023-07-09 10:29:49 : INFO : detect : 326 - After sending the input
2023-07-09 10:29:49 : INFO : do_restful : 20 - RESTful: {'enable': True, 'url': 'http://localhost:5001/consumeevent'}
2023-07-09 10:29:49 : INFO : do_restful : 25 - post to local wep RESTful service {"status": "Weapon Detected |Gun : 0.94987583", "video_name": "Residence", "datetime": "09-07-2023 10:29:49", "Threat_status": "Threat detected | Weapon:['Gun : 0.94987583']", "image_path": "weapon_09-07-2023 10:29:49.jpg", "weapon_images": ["weapon_09-07-2023 10:29:49.jpg"]}
2023-07-09 10:29:49 : INFO : do_restful : 27 - response: <Response [200]>
2023-07-09 10:29:49 : INFO : do_restful : 29 - post to remote RESTful service {"status": "Weapon Detected |Gun : 0.94987583", "video_name": "Residence", "datetime": "09-07-2023 10:29:49", "Threat_status": "Threat detected | Weapon:['Gun : 0.94987583']", "image_path": "weapon_09-07-2023 10:29:49.jpg", "weapon_images": ["weapon_09-07-2023 10:29:49.jpg"]}, url:http://localhost:5001/consumeevent
2023-07-09 10:29:49 : INFO : do_restful : 31 - response: <Response [200]>
2023-07-09 10:29:49 : INFO : detect : 338 - After fetching img
2023-07-09 10:29:49 : WARNING : detect : 376 - Gun : 0.94987583 Detected in Frame: 2000
2023-07-09 10:29:53 : INFO : detect : 272 - Frame #: 2100
2023-07-09 10:29:53 : INFO : inference_images_weapon : 57 - started weapon inference
2023-07-09 10:29:54 : INFO : inference_images_weapon : 87 - fps after inference: 0.8623427376842369
2023-07-09 10:29:54 : INFO : inference_images_weapon : 145 - Ended weapon inference
2023-07-09 10:29:54 : INFO : detect : 278 - FPS01: 0.86
2023-07-09 10:29:54 : INFO : detect : 338 - After fetching img
